<?xml version="1.0" encoding="UTF-8"?>
<testng-results skipped="0" failed="0" ignored="0" total="2" passed="2">
  <reporter-output>
  </reporter-output>
  <suite name="Suite" duration-ms="10251" started-at="2020-01-14T15:53:42 IST" finished-at="2020-01-14T15:53:53 IST">
    <groups>
    </groups>
    <test name="Test" duration-ms="10251" started-at="2020-01-14T15:53:42 IST" finished-at="2020-01-14T15:53:53 IST">
      <class name="Testcase1">
        <test-method status="PASS" signature="Launch_Browser()[pri:0, instance:Testcase1@3fee9989]" name="Launch_Browser" duration-ms="10137" started-at="2020-01-14T15:53:43 IST" finished-at="2020-01-14T15:53:53 IST">
          <reporter-output>
          </reporter-output>
        </test-method> <!-- Launch_Browser -->
        <test-method status="PASS" signature="DragAndDrop()[pri:0, instance:Testcase1@3fee9989]" name="DragAndDrop" duration-ms="2" started-at="2020-01-14T15:53:53 IST" finished-at="2020-01-14T15:53:53 IST">
          <reporter-output>
          </reporter-output>
        </test-method> <!-- DragAndDrop -->
      </class> <!-- Testcase1 -->
    </test> <!-- Test -->
  </suite> <!-- Suite -->
</testng-results>
