<?xml version="1.0" encoding="UTF-8"?>
<testng-results skipped="0" failed="0" ignored="0" total="1" passed="1">
  <reporter-output>
  </reporter-output>
  <suite name="Default suite" duration-ms="12448" started-at="2020-01-16T15:16:00 IST" finished-at="2020-01-16T15:16:12 IST">
    <groups>
    </groups>
    <test name="Default test" duration-ms="12448" started-at="2020-01-16T15:16:00 IST" finished-at="2020-01-16T15:16:12 IST">
      <class name="mavenbrowser.App">
        <test-method status="PASS" signature="Launchbrowser()[pri:0, instance:mavenbrowser.App@49fc609f]" name="Launchbrowser" duration-ms="12320" started-at="2020-01-16T15:16:00 IST" finished-at="2020-01-16T15:16:12 IST">
          <reporter-output>
          </reporter-output>
        </test-method> <!-- Launchbrowser -->
      </class> <!-- mavenbrowser.App -->
    </test> <!-- Default test -->
  </suite> <!-- Default suite -->
</testng-results>
